<?xml version="1.0" encoding="UTF-8"?>
<!-- Generated by org.testng.reporters.JUnitReportReporter -->
<testsuite hostname="SUBHASHA-PC" failures="0" tests="1" name="com.hrm.testcases.JobTitlesTest" time="80.200" errors="0" timestamp="2022-08-09T15:23:55 IST" skipped="0">
  <testcase classname="com.hrm.testcases.JobTitlesTest" name="addJobTitles" time="80.200"/>
  <system-out/>
</testsuite> <!-- com.hrm.testcases.JobTitlesTest -->
