<?xml version="1.0" encoding="UTF-8"?>
<!-- Generated by org.testng.reporters.JUnitReportReporter -->
<testsuite hostname="SUBHASHA-PC" failures="0" tests="1" name="com.hrm.testcases.PayGradesTest" time="58.579" errors="0" timestamp="2022-08-10T22:32:56 IST" skipped="0">
  <testcase classname="com.hrm.testcases.PayGradesTest" name="addPayGrades" time="58.579"/>
  <system-out/>
</testsuite> <!-- com.hrm.testcases.PayGradesTest -->
