<?xml version="1.0" encoding="UTF-8"?>
<!-- Generated by org.testng.reporters.JUnitReportReporter -->
<testsuite hostname="SUBHASHA-PC" failures="0" tests="1" name="com.hrm.testcases.EmploymentStatusTest" time="64.983" errors="0" timestamp="2022-08-09T15:23:55 IST" skipped="0">
  <testcase classname="com.hrm.testcases.EmploymentStatusTest" name="addEmploymentStatus" time="64.983"/>
  <system-out/>
</testsuite> <!-- com.hrm.testcases.EmploymentStatusTest -->
