<?xml version="1.0" encoding="UTF-8"?>
<!-- Generated by org.testng.reporters.JUnitReportReporter -->
<testsuite hostname="DESKTOP-GHDB9E9" failures="0" tests="1" name="com.hrm.testcases.HrmLogin" time="15.463" errors="0" timestamp="2022-07-12T09:14:54 IST" skipped="0">
  <testcase classname="com.hrm.testcases.HrmLogin" name="validAdminLogin" time="15.463"/>
  <system-out/>
</testsuite> <!-- com.hrm.testcases.HrmLogin -->
