<?xml version="1.0" encoding="UTF-8"?>
<!-- Generated by org.testng.reporters.JUnitReportReporter -->
<testsuite hostname="SUBHASHA-PC" failures="0" tests="2" name="com.hrm.testcases.DashboardTest" time="120.128" errors="0" timestamp="2022-08-09T15:23:55 IST" skipped="0">
  <testcase classname="com.hrm.testcases.DashboardTest" name="AssignLeavsLink" time="61.588"/>
  <system-out/>
  <testcase classname="com.hrm.testcases.DashboardTest" name="LeaveList" time="58.540"/>
  <system-out/>
</testsuite> <!-- com.hrm.testcases.DashboardTest -->
