<?xml version="1.0" encoding="UTF-8"?>
<!-- Generated by org.testng.reporters.JUnitReportReporter -->
<testsuite hostname="SUBHASHA-PC" failures="0" tests="4" name="com.hrm.testcases.HRMloginTest" time="238.918" errors="0" timestamp="2022-08-09T15:23:55 IST" skipped="0">
  <testcase classname="com.hrm.testcases.HRMloginTest" name="invalidpassword" time="43.461"/>
  <system-out/>
  <testcase classname="com.hrm.testcases.HRMloginTest" name="invalidUsername" time="70.347"/>
  <system-out/>
  <testcase classname="com.hrm.testcases.HRMloginTest" name="validAdminLogin" time="66.218"/>
  <system-out/>
  <testcase classname="com.hrm.testcases.HRMloginTest" name="loginHRMAdmin" time="58.892"/>
  <system-out/>
</testsuite> <!-- com.hrm.testcases.HRMloginTest -->
