<?xml version="1.0" encoding="UTF-8"?>
<!-- Generated by org.testng.reporters.JUnitReportReporter -->
<testsuite hostname="SUBHASHA-PC" failures="0" tests="2" name="com.hrm.testcases.DashboardTest" time="105.173" errors="0" timestamp="2022-08-10T22:32:56 IST" skipped="0">
  <testcase classname="com.hrm.testcases.DashboardTest" name="AssignLeavsLink" time="59.499"/>
  <system-out/>
  <testcase classname="com.hrm.testcases.DashboardTest" name="LeaveList" time="45.674"/>
  <system-out/>
</testsuite> <!-- com.hrm.testcases.DashboardTest -->
