<?xml version="1.0" encoding="UTF-8"?>
<!-- Generated by org.testng.reporters.JUnitReportReporter -->
<testsuite hostname="SUBHASHA-PC" failures="0" tests="1" name="com.hrm.testcases.JobCategoryTest" time="72.207" errors="0" timestamp="2022-08-10T22:32:56 IST" skipped="0">
  <testcase classname="com.hrm.testcases.JobCategoryTest" name="addJobCategory" time="72.207"/>
  <system-out/>
</testsuite> <!-- com.hrm.testcases.JobCategoryTest -->
